[0.157s] DEBUG:colcon:Command line arguments: ['/usr/bin/colcon', 'build']
[0.157s] DEBUG:colcon:Parsed command line arguments: Namespace(log_base=None, log_level=None, verb_name='build', build_base='build', install_base='install', merge_install=False, symlink_install=False, test_result_base=None, continue_on_error=False, executor='parallel', parallel_workers=4, event_handlers=None, ignore_user_meta=False, metas=['./colcon.meta'], base_paths=['.'], packages_ignore=None, packages_ignore_regex=None, paths=None, packages_up_to=None, packages_up_to_regex=None, packages_above=None, packages_above_and_dependencies=None, packages_above_depth=None, packages_select_by_dep=None, packages_skip_by_dep=None, packages_skip_up_to=None, packages_select_build_failed=False, packages_skip_build_finished=False, packages_select_test_failures=False, packages_skip_test_passed=False, packages_select=None, packages_skip=None, packages_select_regex=None, packages_skip_regex=None, packages_start=None, packages_end=None, allow_overriding=[], cmake_args=None, cmake_target=None, cmake_target_skip_unavailable=False, cmake_clean_cache=False, cmake_clean_first=False, cmake_force_configure=False, ament_cmake_args=None, catkin_cmake_args=None, catkin_skip_building_tests=False, mixin_files=None, mixin=None, verb_parser=<colcon_mixin.mixin.mixin_argument.MixinArgumentDecorator object at 0x751a867f81c0>, verb_extension=<colcon_core.verb.build.BuildVerb object at 0x751a869c39a0>, main=<bound method BuildVerb.main of <colcon_core.verb.build.BuildVerb object at 0x751a869c39a0>>, mixin_verb=('build',))
[0.367s] Level 1:colcon.colcon_core.package_discovery:discover_packages(colcon_meta) check parameters
[0.367s] Level 1:colcon.colcon_core.package_discovery:discover_packages(recursive) check parameters
[0.367s] Level 1:colcon.colcon_core.package_discovery:discover_packages(ignore) check parameters
[0.367s] Level 1:colcon.colcon_core.package_discovery:discover_packages(path) check parameters
[0.367s] Level 1:colcon.colcon_core.package_discovery:discover_packages(colcon_meta) discover
[0.367s] Level 1:colcon.colcon_core.package_discovery:discover_packages(recursive) discover
[0.367s] INFO:colcon.colcon_core.package_discovery:Crawling recursively for packages in '/home/lab-robotica/git_conrado/hacka_emanuelconrado'
[0.367s] Level 1:colcon.colcon_core.package_identification:_identify(.) by extensions ['ignore', 'ignore_ament_install']
[0.367s] Level 1:colcon.colcon_core.package_identification:_identify(.) by extension 'ignore'
[0.367s] Level 1:colcon.colcon_core.package_identification:_identify(.) by extension 'ignore_ament_install'
[0.367s] Level 1:colcon.colcon_core.package_identification:_identify(.) by extensions ['colcon_pkg']
[0.367s] Level 1:colcon.colcon_core.package_identification:_identify(.) by extension 'colcon_pkg'
[0.367s] Level 1:colcon.colcon_core.package_identification:_identify(.) by extensions ['colcon_meta']
[0.367s] Level 1:colcon.colcon_core.package_identification:_identify(.) by extension 'colcon_meta'
[0.367s] Level 1:colcon.colcon_core.package_identification:_identify(.) by extensions ['ros']
[0.367s] Level 1:colcon.colcon_core.package_identification:_identify(.) by extension 'ros'
[0.378s] Level 1:colcon.colcon_core.package_identification:_identify(.) by extensions ['cmake', 'python']
[0.379s] Level 1:colcon.colcon_core.package_identification:_identify(.) by extension 'cmake'
[0.379s] Level 1:colcon.colcon_core.package_identification:_identify(.) by extension 'python'
[0.379s] Level 1:colcon.colcon_core.package_identification:_identify(.) by extensions ['python_setup_py']
[0.379s] Level 1:colcon.colcon_core.package_identification:_identify(.) by extension 'python_setup_py'
[0.379s] Level 1:colcon.colcon_core.package_identification:_identify(build) by extensions ['ignore', 'ignore_ament_install']
[0.379s] Level 1:colcon.colcon_core.package_identification:_identify(build) by extension 'ignore'
[0.379s] Level 1:colcon.colcon_core.package_identification:_identify(build) ignored
[0.379s] Level 1:colcon.colcon_core.package_identification:_identify(install) by extensions ['ignore', 'ignore_ament_install']
[0.379s] Level 1:colcon.colcon_core.package_identification:_identify(install) by extension 'ignore'
[0.379s] Level 1:colcon.colcon_core.package_identification:_identify(install) ignored
[0.379s] Level 1:colcon.colcon_core.package_identification:_identify(log) by extensions ['ignore', 'ignore_ament_install']
[0.379s] Level 1:colcon.colcon_core.package_identification:_identify(log) by extension 'ignore'
[0.379s] Level 1:colcon.colcon_core.package_identification:_identify(log) ignored
[0.379s] Level 1:colcon.colcon_core.package_identification:_identify(src) by extensions ['ignore', 'ignore_ament_install']
[0.380s] Level 1:colcon.colcon_core.package_identification:_identify(src) by extension 'ignore'
[0.380s] Level 1:colcon.colcon_core.package_identification:_identify(src) by extension 'ignore_ament_install'
[0.380s] Level 1:colcon.colcon_core.package_identification:_identify(src) by extensions ['colcon_pkg']
[0.380s] Level 1:colcon.colcon_core.package_identification:_identify(src) by extension 'colcon_pkg'
[0.380s] Level 1:colcon.colcon_core.package_identification:_identify(src) by extensions ['colcon_meta']
[0.380s] Level 1:colcon.colcon_core.package_identification:_identify(src) by extension 'colcon_meta'
[0.380s] Level 1:colcon.colcon_core.package_identification:_identify(src) by extensions ['ros']
[0.380s] Level 1:colcon.colcon_core.package_identification:_identify(src) by extension 'ros'
[0.380s] Level 1:colcon.colcon_core.package_identification:_identify(src) by extensions ['cmake', 'python']
[0.380s] Level 1:colcon.colcon_core.package_identification:_identify(src) by extension 'cmake'
[0.380s] Level 1:colcon.colcon_core.package_identification:_identify(src) by extension 'python'
[0.380s] Level 1:colcon.colcon_core.package_identification:_identify(src) by extensions ['python_setup_py']
[0.380s] Level 1:colcon.colcon_core.package_identification:_identify(src) by extension 'python_setup_py'
[0.380s] Level 1:colcon.colcon_core.package_identification:_identify(src/hacka_emanuelconrado) by extensions ['ignore', 'ignore_ament_install']
[0.380s] Level 1:colcon.colcon_core.package_identification:_identify(src/hacka_emanuelconrado) by extension 'ignore'
[0.380s] Level 1:colcon.colcon_core.package_identification:_identify(src/hacka_emanuelconrado) by extension 'ignore_ament_install'
[0.380s] Level 1:colcon.colcon_core.package_identification:_identify(src/hacka_emanuelconrado) by extensions ['colcon_pkg']
[0.380s] Level 1:colcon.colcon_core.package_identification:_identify(src/hacka_emanuelconrado) by extension 'colcon_pkg'
[0.380s] Level 1:colcon.colcon_core.package_identification:_identify(src/hacka_emanuelconrado) by extensions ['colcon_meta']
[0.380s] Level 1:colcon.colcon_core.package_identification:_identify(src/hacka_emanuelconrado) by extension 'colcon_meta'
[0.380s] Level 1:colcon.colcon_core.package_identification:_identify(src/hacka_emanuelconrado) by extensions ['ros']
[0.380s] Level 1:colcon.colcon_core.package_identification:_identify(src/hacka_emanuelconrado) by extension 'ros'
[0.383s] DEBUG:colcon.colcon_core.package_identification:Package 'src/hacka_emanuelconrado' with type 'ros.ament_cmake' and name 'hacka_emanuelconrado'
[0.383s] Level 1:colcon.colcon_core.package_discovery:discover_packages(recursive) using defaults
[0.383s] Level 1:colcon.colcon_core.package_discovery:discover_packages(ignore) discover
[0.383s] Level 1:colcon.colcon_core.package_discovery:discover_packages(ignore) using defaults
[0.383s] Level 1:colcon.colcon_core.package_discovery:discover_packages(path) discover
[0.383s] Level 1:colcon.colcon_core.package_discovery:discover_packages(path) using defaults
[0.402s] Level 1:colcon.colcon_core.package_discovery:discover_packages(prefix_path) check parameters
[0.402s] Level 1:colcon.colcon_core.package_discovery:discover_packages(prefix_path) discover
[0.404s] DEBUG:colcon.colcon_installed_package_information.package_discovery:Found 7 installed packages in /home/lab-robotica/laser_uav_system_ws/install
[0.404s] DEBUG:colcon.colcon_installed_package_information.package_discovery:Found 0 installed packages in /home/lab-robotica/workspace/install
[0.406s] DEBUG:colcon.colcon_installed_package_information.package_discovery:Found 335 installed packages in /opt/ros/humble
[0.408s] Level 1:colcon.colcon_core.package_discovery:discover_packages(prefix_path) using defaults
[0.450s] Level 5:colcon.colcon_core.verb:set package 'hacka_emanuelconrado' build argument 'cmake_args' from command line to 'None'
[0.450s] Level 5:colcon.colcon_core.verb:set package 'hacka_emanuelconrado' build argument 'cmake_target' from command line to 'None'
[0.450s] Level 5:colcon.colcon_core.verb:set package 'hacka_emanuelconrado' build argument 'cmake_target_skip_unavailable' from command line to 'False'
[0.450s] Level 5:colcon.colcon_core.verb:set package 'hacka_emanuelconrado' build argument 'cmake_clean_cache' from command line to 'False'
[0.450s] Level 5:colcon.colcon_core.verb:set package 'hacka_emanuelconrado' build argument 'cmake_clean_first' from command line to 'False'
[0.450s] Level 5:colcon.colcon_core.verb:set package 'hacka_emanuelconrado' build argument 'cmake_force_configure' from command line to 'False'
[0.450s] Level 5:colcon.colcon_core.verb:set package 'hacka_emanuelconrado' build argument 'ament_cmake_args' from command line to 'None'
[0.450s] Level 5:colcon.colcon_core.verb:set package 'hacka_emanuelconrado' build argument 'catkin_cmake_args' from command line to 'None'
[0.450s] Level 5:colcon.colcon_core.verb:set package 'hacka_emanuelconrado' build argument 'catkin_skip_building_tests' from command line to 'False'
[0.451s] DEBUG:colcon.colcon_core.verb:Building package 'hacka_emanuelconrado' with the following arguments: {'ament_cmake_args': None, 'build_base': '/home/lab-robotica/git_conrado/hacka_emanuelconrado/build/hacka_emanuelconrado', 'catkin_cmake_args': None, 'catkin_skip_building_tests': False, 'cmake_args': None, 'cmake_clean_cache': False, 'cmake_clean_first': False, 'cmake_force_configure': False, 'cmake_target': None, 'cmake_target_skip_unavailable': False, 'install_base': '/home/lab-robotica/git_conrado/hacka_emanuelconrado/install/hacka_emanuelconrado', 'merge_install': False, 'path': '/home/lab-robotica/git_conrado/hacka_emanuelconrado/src/hacka_emanuelconrado', 'symlink_install': False, 'test_result_base': None}
[0.451s] INFO:colcon.colcon_core.executor:Executing jobs using 'parallel' executor
[0.452s] DEBUG:colcon.colcon_parallel_executor.executor.parallel:run_until_complete
[0.452s] INFO:colcon.colcon_ros.task.ament_cmake.build:Building ROS package in '/home/lab-robotica/git_conrado/hacka_emanuelconrado/src/hacka_emanuelconrado' with build type 'ament_cmake'
[0.452s] INFO:colcon.colcon_cmake.task.cmake.build:Building CMake package in '/home/lab-robotica/git_conrado/hacka_emanuelconrado/src/hacka_emanuelconrado'
[0.455s] INFO:colcon.colcon_core.plugin_system:Skipping extension 'colcon_core.shell.bat': Not used on non-Windows systems
[0.455s] INFO:colcon.colcon_core.shell:Skip shell extension 'powershell' for command environment: Not usable outside of PowerShell
[0.455s] DEBUG:colcon.colcon_core.shell:Skip shell extension 'dsv' for command environment
[0.465s] DEBUG:colcon.colcon_core.event_handler.log_command:Invoking command in '/home/lab-robotica/git_conrado/hacka_emanuelconrado/build/hacka_emanuelconrado': CMAKE_PREFIX_PATH=/opt/ros/humble:${CMAKE_PREFIX_PATH} /usr/bin/cmake --build /home/lab-robotica/git_conrado/hacka_emanuelconrado/build/hacka_emanuelconrado -- -j4 -l4
[5.854s] DEBUG:colcon.colcon_core.event_handler.log_command:Invoked command in '/home/lab-robotica/git_conrado/hacka_emanuelconrado/build/hacka_emanuelconrado' returned '2': CMAKE_PREFIX_PATH=/opt/ros/humble:${CMAKE_PREFIX_PATH} /usr/bin/cmake --build /home/lab-robotica/git_conrado/hacka_emanuelconrado/build/hacka_emanuelconrado -- -j4 -l4
[5.855s] Level 1:colcon.colcon_core.environment:create_environment_scripts_only(hacka_emanuelconrado)
[5.857s] Level 1:colcon.colcon_core.environment:checking '/home/lab-robotica/git_conrado/hacka_emanuelconrado/install/hacka_emanuelconrado' for CMake module files
[5.858s] Level 1:colcon.colcon_core.environment:checking '/home/lab-robotica/git_conrado/hacka_emanuelconrado/install/hacka_emanuelconrado' for CMake config files
[5.858s] Level 1:colcon.colcon_core.environment:checking '/home/lab-robotica/git_conrado/hacka_emanuelconrado/install/hacka_emanuelconrado/bin'
[5.858s] Level 1:colcon.colcon_core.environment:checking '/home/lab-robotica/git_conrado/hacka_emanuelconrado/install/hacka_emanuelconrado/lib/pkgconfig/hacka_emanuelconrado.pc'
[5.858s] Level 1:colcon.colcon_core.environment:checking '/home/lab-robotica/git_conrado/hacka_emanuelconrado/install/hacka_emanuelconrado/lib/python3.10/site-packages'
[5.859s] Level 1:colcon.colcon_core.environment:checking '/home/lab-robotica/git_conrado/hacka_emanuelconrado/install/hacka_emanuelconrado/bin'
[5.859s] INFO:colcon.colcon_core.shell:Creating package script '/home/lab-robotica/git_conrado/hacka_emanuelconrado/install/hacka_emanuelconrado/share/hacka_emanuelconrado/package.ps1'
[5.860s] INFO:colcon.colcon_core.shell:Creating package descriptor '/home/lab-robotica/git_conrado/hacka_emanuelconrado/install/hacka_emanuelconrado/share/hacka_emanuelconrado/package.dsv'
[5.860s] INFO:colcon.colcon_core.shell:Creating package script '/home/lab-robotica/git_conrado/hacka_emanuelconrado/install/hacka_emanuelconrado/share/hacka_emanuelconrado/package.sh'
[5.861s] INFO:colcon.colcon_core.shell:Creating package script '/home/lab-robotica/git_conrado/hacka_emanuelconrado/install/hacka_emanuelconrado/share/hacka_emanuelconrado/package.bash'
[5.862s] INFO:colcon.colcon_core.shell:Creating package script '/home/lab-robotica/git_conrado/hacka_emanuelconrado/install/hacka_emanuelconrado/share/hacka_emanuelconrado/package.zsh'
[5.862s] Level 1:colcon.colcon_core.environment:create_file_with_runtime_dependencies(/home/lab-robotica/git_conrado/hacka_emanuelconrado/install/hacka_emanuelconrado/share/colcon-core/packages/hacka_emanuelconrado)
[5.873s] DEBUG:colcon.colcon_parallel_executor.executor.parallel:closing loop
[5.873s] DEBUG:colcon.colcon_parallel_executor.executor.parallel:loop closed
[5.873s] DEBUG:colcon.colcon_parallel_executor.executor.parallel:run_until_complete finished with '2'
[5.873s] DEBUG:colcon.colcon_core.event_reactor:joining thread
[5.879s] INFO:colcon.colcon_core.plugin_system:Skipping extension 'colcon_notification.desktop_notification.terminal_notifier': Not used on non-Darwin systems
[5.879s] INFO:colcon.colcon_core.plugin_system:Skipping extension 'colcon_notification.desktop_notification.win32': Not used on non-Windows systems
[5.879s] INFO:colcon.colcon_notification.desktop_notification:Sending desktop notification using 'notify2'
[5.882s] DEBUG:colcon.colcon_core.event_reactor:joined thread
[5.882s] INFO:colcon.colcon_core.shell:Creating prefix script '/home/lab-robotica/git_conrado/hacka_emanuelconrado/install/local_setup.ps1'
[5.884s] INFO:colcon.colcon_core.shell:Creating prefix util module '/home/lab-robotica/git_conrado/hacka_emanuelconrado/install/_local_setup_util_ps1.py'
[5.886s] INFO:colcon.colcon_core.shell:Creating prefix chain script '/home/lab-robotica/git_conrado/hacka_emanuelconrado/install/setup.ps1'
[5.888s] INFO:colcon.colcon_core.shell:Creating prefix script '/home/lab-robotica/git_conrado/hacka_emanuelconrado/install/local_setup.sh'
[5.889s] INFO:colcon.colcon_core.shell:Creating prefix util module '/home/lab-robotica/git_conrado/hacka_emanuelconrado/install/_local_setup_util_sh.py'
[5.889s] INFO:colcon.colcon_core.shell:Creating prefix chain script '/home/lab-robotica/git_conrado/hacka_emanuelconrado/install/setup.sh'
[5.891s] INFO:colcon.colcon_core.shell:Creating prefix script '/home/lab-robotica/git_conrado/hacka_emanuelconrado/install/local_setup.bash'
[5.891s] INFO:colcon.colcon_core.shell:Creating prefix chain script '/home/lab-robotica/git_conrado/hacka_emanuelconrado/install/setup.bash'
[5.893s] INFO:colcon.colcon_core.shell:Creating prefix script '/home/lab-robotica/git_conrado/hacka_emanuelconrado/install/local_setup.zsh'
[5.894s] INFO:colcon.colcon_core.shell:Creating prefix chain script '/home/lab-robotica/git_conrado/hacka_emanuelconrado/install/setup.zsh'
