[01m[K/home/lab-robotica/git_conrado/hacka_emanuelconrado/src/hacka_emanuelconrado/src/manager_node.cpp:[m[K In function ‘[01m[Kvoid manager_node_cpp::trace()[m[K’:
[01m[K/home/lab-robotica/git_conrado/hacka_emanuelconrado/src/hacka_emanuelconrado/src/manager_node.cpp:148:6:[m[K [01;31m[Kerror: [m[K‘[01m[Ktrace_[m[K’ was not declared in this scope; did you mean ‘[01m[Ktrace[m[K’?
  148 |   if([01;31m[Ktrace_[m[K == "tri"){
      |      [01;31m[K^~~~~~[m[K
      |      [32m[Ktrace[m[K
[01m[K/home/lab-robotica/git_conrado/hacka_emanuelconrado/src/hacka_emanuelconrado/src/manager_node.cpp:149:5:[m[K [01;31m[Kerror: [m[K‘[01m[Kdeclare_parameter[m[K’ was not declared in this scope
  149 |     [01;31m[Kdeclare_parameter[m[K<std::vector<double>>("waypoints.points_tri", std::vector<double>{2.0, 1.0, 1.5, 0.0, 2.0, 1.5, 0.0, 0.0, 1.5};
      |     [01;31m[K^~~~~~~~~~~~~~~~~[m[K
[01m[K/home/lab-robotica/git_conrado/hacka_emanuelconrado/src/hacka_emanuelconrado/src/manager_node.cpp:149:41:[m[K [01;31m[Kerror: [m[Kexpected primary-expression before ‘[01m[K>[m[K’ token
  149 | re_parameter<std::vector<double[01;31m[K>>[m[K("waypoints.points_tri", std::vector<double>{2.0, 1.0, 1.5, 0.0, 2.0, 1.5, 0.0, 0.0, 1.5};
      |                                [01;31m[K^~[m[K

[01m[K/home/lab-robotica/git_conrado/hacka_emanuelconrado/src/hacka_emanuelconrado/src/manager_node.cpp:149:44:[m[K [01;35m[Kwarning: [m[Kleft operand of comma operator has no effect [[01;35m[K-Wunused-value[m[K]
  149 | parameter<std::vector<double>>([01;35m[K"waypoints.points_tri"[m[K, std::vector<double>{2.0, 1.0, 1.5, 0.0, 2.0, 1.5, 0.0, 0.0, 1.5};
      |                                [01;35m[K^~~~~~~~~~~~~~~~~~~~~~[m[K

[01m[K/home/lab-robotica/git_conrado/hacka_emanuelconrado/src/hacka_emanuelconrado/src/manager_node.cpp:149:132:[m[K [01;31m[Kerror: [m[Kexpected ‘[01m[K)[m[K’ before ‘[01m[K;[m[K’ token
  149 | , 0.0, 2.0, 1.5, 0.0, 0.0, 1.5}[01;31m[K;[m[K
      |                                [01;31m[K^[m[K
      |                                [32m[K)[m[K
[01m[K/home/lab-robotica/git_conrado/hacka_emanuelconrado/src/hacka_emanuelconrado/src/manager_node.cpp:150:43:[m[K [01;31m[Kerror: [m[K‘[01m[K_waypoints_points_[m[K’ was not declared in this scope
  150 | ameter("waypoints.points_tri", [01;31m[K_waypoints_points_[m[K);
      |                                [01;31m[K^~~~~~~~~~~~~~~~~~[m[K

[01m[K/home/lab-robotica/git_conrado/hacka_emanuelconrado/src/hacka_emanuelconrado/src/manager_node.cpp:150:5:[m[K [01;31m[Kerror: [m[K‘[01m[Kget_parameter[m[K’ was not declared in this scope
  150 |     [01;31m[Kget_parameter[m[K("waypoints.points_tri", _waypoints_points_);
      |     [01;31m[K^~~~~~~~~~~~~[m[K
[01m[K/home/lab-robotica/git_conrado/hacka_emanuelconrado/src/hacka_emanuelconrado/src/manager_node.cpp:153:6:[m[K [01;31m[Kerror: [m[K‘[01m[Ktrace_[m[K’ was not declared in this scope; did you mean ‘[01m[Ktrace[m[K’?
  153 |   if([01;31m[Ktrace_[m[K == "trape"){
      |      [01;31m[K^~~~~~[m[K
      |      [32m[Ktrace[m[K
[01m[K/home/lab-robotica/git_conrado/hacka_emanuelconrado/src/hacka_emanuelconrado/src/manager_node.cpp:154:5:[m[K [01;31m[Kerror: [m[K‘[01m[Kdeclare_parameter[m[K’ was not declared in this scope
  154 |     [01;31m[Kdeclare_parameter[m[K<std::vector<double>>("waypoints.points_trape", std::vector<double>{}
      |     [01;31m[K^~~~~~~~~~~~~~~~~[m[K
[01m[K/home/lab-robotica/git_conrado/hacka_emanuelconrado/src/hacka_emanuelconrado/src/manager_node.cpp:154:41:[m[K [01;31m[Kerror: [m[Kexpected primary-expression before ‘[01m[K>[m[K’ token
  154 | re_parameter<std::vector<double[01;31m[K>>[m[K("waypoints.points_trape", std::vector<double>{}
      |                                [01;31m[K^~[m[K

[01m[K/home/lab-robotica/git_conrado/hacka_emanuelconrado/src/hacka_emanuelconrado/src/manager_node.cpp:154:44:[m[K [01;35m[Kwarning: [m[Kleft operand of comma operator has no effect [[01;35m[K-Wunused-value[m[K]
  154 | parameter<std::vector<double>>([01;35m[K"waypoints.points_trape"[m[K, std::vector<double>{}
      |                                [01;35m[K^~~~~~~~~~~~~~~~~~~~~~~~[m[K

[01m[K/home/lab-robotica/git_conrado/hacka_emanuelconrado/src/hacka_emanuelconrado/src/manager_node.cpp:154:91:[m[K [01;31m[Kerror: [m[Kexpected ‘[01m[K)[m[K’ before ‘[01m[K}[m[K’ token
  154 |     declare_parameter<std::vector<double>>[34m[K([m[K"waypoints.points_trape", std::vector<double>{}
      |                                           [34m[K~[m[K                                               [01;31m[K^[m[K
      |                                                                                           [32m[K)[m[K
  155 |   [32m[K}[m[K
      |   [32m[K~[m[K                                                                                        
gmake[2]: *** [CMakeFiles/calculator_core.dir/build.make:76: CMakeFiles/calculator_core.dir/src/manager_node.cpp.o] Error 1
gmake[1]: *** [CMakeFiles/Makefile2:165: CMakeFiles/calculator_core.dir/all] Error 2
gmake: *** [Makefile:146: all] Error 2
