[0.013s] Invoking command in '/home/lab-robotica/git_conrado/hacka_emanuelconrado/build/hacka_emanuelconrado': CMAKE_PREFIX_PATH=/opt/ros/humble:${CMAKE_PREFIX_PATH} /usr/bin/cmake --build /home/lab-robotica/git_conrado/hacka_emanuelconrado/build/hacka_emanuelconrado -- -j4 -l4
[0.074s] [35m[1mConsolidate compiler generated dependencies of target calculator_core[0m
[0.097s] [ 25%] [32mBuilding CXX object CMakeFiles/calculator_core.dir/src/manager_node.cpp.o[0m
[10.684s] [ 50%] [32m[1mLinking CXX shared library libcalculator_core.so[0m
[11.975s] [ 50%] Built target calculator_core
[12.002s] [ 75%] [32mBuilding CXX object CMakeFiles/manager_node.dir/src/manager_node_main.cpp.o[0m
[14.924s] [100%] [32m[1mLinking CXX executable manager_node[0m
[15.276s] [100%] Built target manager_node
[15.290s] Invoked command in '/home/lab-robotica/git_conrado/hacka_emanuelconrado/build/hacka_emanuelconrado' returned '0': CMAKE_PREFIX_PATH=/opt/ros/humble:${CMAKE_PREFIX_PATH} /usr/bin/cmake --build /home/lab-robotica/git_conrado/hacka_emanuelconrado/build/hacka_emanuelconrado -- -j4 -l4
[15.303s] Invoking command in '/home/lab-robotica/git_conrado/hacka_emanuelconrado/build/hacka_emanuelconrado': CMAKE_PREFIX_PATH=/opt/ros/humble:${CMAKE_PREFIX_PATH} /usr/bin/cmake --install /home/lab-robotica/git_conrado/hacka_emanuelconrado/build/hacka_emanuelconrado
[15.313s] -- Install configuration: ""
[15.313s] -- Installing: /home/lab-robotica/git_conrado/hacka_emanuelconrado/install/hacka_emanuelconrado/lib/libcalculator_core.so
[15.322s] -- Set runtime path of "/home/lab-robotica/git_conrado/hacka_emanuelconrado/install/hacka_emanuelconrado/lib/libcalculator_core.so" to ""
[15.322s] -- Installing: /home/lab-robotica/git_conrado/hacka_emanuelconrado/install/hacka_emanuelconrado/lib/hacka_emanuelconrado/manager_node
[15.323s] -- Set runtime path of "/home/lab-robotica/git_conrado/hacka_emanuelconrado/install/hacka_emanuelconrado/lib/hacka_emanuelconrado/manager_node" to ""
[15.323s] -- Installing: /home/lab-robotica/git_conrado/hacka_emanuelconrado/install/hacka_emanuelconrado/include/
[15.323s] -- Installing: /home/lab-robotica/git_conrado/hacka_emanuelconrado/install/hacka_emanuelconrado/include//hacka_emanuelconrado
[15.324s] -- Installing: /home/lab-robotica/git_conrado/hacka_emanuelconrado/install/hacka_emanuelconrado/include//hacka_emanuelconrado/manager_node.hpp
[15.324s] -- Installing: /home/lab-robotica/git_conrado/hacka_emanuelconrado/install/hacka_emanuelconrado/share/hacka_emanuelconrado/launch
[15.324s] -- Installing: /home/lab-robotica/git_conrado/hacka_emanuelconrado/install/hacka_emanuelconrado/share/hacka_emanuelconrado/launch/hacka_emanuelconrado.py
[15.324s] -- Installing: /home/lab-robotica/git_conrado/hacka_emanuelconrado/install/hacka_emanuelconrado/share/hacka_emanuelconrado/params
[15.324s] -- Installing: /home/lab-robotica/git_conrado/hacka_emanuelconrado/install/hacka_emanuelconrado/share/hacka_emanuelconrado/params/waypoint.yaml
[15.324s] -- Installing: /home/lab-robotica/git_conrado/hacka_emanuelconrado/install/hacka_emanuelconrado/share/ament_index/resource_index/package_run_dependencies/hacka_emanuelconrado
[15.324s] -- Installing: /home/lab-robotica/git_conrado/hacka_emanuelconrado/install/hacka_emanuelconrado/share/ament_index/resource_index/parent_prefix_path/hacka_emanuelconrado
[15.324s] -- Installing: /home/lab-robotica/git_conrado/hacka_emanuelconrado/install/hacka_emanuelconrado/share/hacka_emanuelconrado/environment/ament_prefix_path.sh
[15.325s] -- Installing: /home/lab-robotica/git_conrado/hacka_emanuelconrado/install/hacka_emanuelconrado/share/hacka_emanuelconrado/environment/ament_prefix_path.dsv
[15.325s] -- Installing: /home/lab-robotica/git_conrado/hacka_emanuelconrado/install/hacka_emanuelconrado/share/hacka_emanuelconrado/environment/path.sh
[15.325s] -- Installing: /home/lab-robotica/git_conrado/hacka_emanuelconrado/install/hacka_emanuelconrado/share/hacka_emanuelconrado/environment/path.dsv
[15.325s] -- Installing: /home/lab-robotica/git_conrado/hacka_emanuelconrado/install/hacka_emanuelconrado/share/hacka_emanuelconrado/local_setup.bash
[15.326s] -- Installing: /home/lab-robotica/git_conrado/hacka_emanuelconrado/install/hacka_emanuelconrado/share/hacka_emanuelconrado/local_setup.sh
[15.326s] -- Installing: /home/lab-robotica/git_conrado/hacka_emanuelconrado/install/hacka_emanuelconrado/share/hacka_emanuelconrado/local_setup.zsh
[15.326s] -- Installing: /home/lab-robotica/git_conrado/hacka_emanuelconrado/install/hacka_emanuelconrado/share/hacka_emanuelconrado/local_setup.dsv
[15.326s] -- Installing: /home/lab-robotica/git_conrado/hacka_emanuelconrado/install/hacka_emanuelconrado/share/hacka_emanuelconrado/package.dsv
[15.326s] -- Installing: /home/lab-robotica/git_conrado/hacka_emanuelconrado/install/hacka_emanuelconrado/share/ament_index/resource_index/packages/hacka_emanuelconrado
[15.327s] -- Installing: /home/lab-robotica/git_conrado/hacka_emanuelconrado/install/hacka_emanuelconrado/share/ament_index/resource_index/rclcpp_components/hacka_emanuelconrado
[15.327s] -- Installing: /home/lab-robotica/git_conrado/hacka_emanuelconrado/install/hacka_emanuelconrado/share/hacka_emanuelconrado/cmake/ament_cmake_export_include_directories-extras.cmake
[15.327s] -- Installing: /home/lab-robotica/git_conrado/hacka_emanuelconrado/install/hacka_emanuelconrado/share/hacka_emanuelconrado/cmake/ament_cmake_export_dependencies-extras.cmake
[15.328s] -- Installing: /home/lab-robotica/git_conrado/hacka_emanuelconrado/install/hacka_emanuelconrado/share/hacka_emanuelconrado/cmake/hacka_emanuelconradoConfig.cmake
[15.328s] -- Installing: /home/lab-robotica/git_conrado/hacka_emanuelconrado/install/hacka_emanuelconrado/share/hacka_emanuelconrado/cmake/hacka_emanuelconradoConfig-version.cmake
[15.328s] -- Installing: /home/lab-robotica/git_conrado/hacka_emanuelconrado/install/hacka_emanuelconrado/share/hacka_emanuelconrado/package.xml
[15.330s] Invoked command in '/home/lab-robotica/git_conrado/hacka_emanuelconrado/build/hacka_emanuelconrado' returned '0': CMAKE_PREFIX_PATH=/opt/ros/humble:${CMAKE_PREFIX_PATH} /usr/bin/cmake --install /home/lab-robotica/git_conrado/hacka_emanuelconrado/build/hacka_emanuelconrado
