[0.230s] DEBUG:colcon:Command line arguments: ['/usr/bin/colcon', 'build']
[0.230s] DEBUG:colcon:Parsed command line arguments: Namespace(log_base=None, log_level=None, verb_name='build', build_base='build', install_base='install', merge_install=False, symlink_install=False, test_result_base=None, continue_on_error=False, executor='parallel', parallel_workers=4, event_handlers=None, ignore_user_meta=False, metas=['./colcon.meta'], base_paths=['.'], packages_ignore=None, packages_ignore_regex=None, paths=None, packages_up_to=None, packages_up_to_regex=None, packages_above=None, packages_above_and_dependencies=None, packages_above_depth=None, packages_select_by_dep=None, packages_skip_by_dep=None, packages_skip_up_to=None, packages_select_build_failed=False, packages_skip_build_finished=False, packages_select_test_failures=False, packages_skip_test_passed=False, packages_select=None, packages_skip=None, packages_select_regex=None, packages_skip_regex=None, packages_start=None, packages_end=None, allow_overriding=[], cmake_args=None, cmake_target=None, cmake_target_skip_unavailable=False, cmake_clean_cache=False, cmake_clean_first=False, cmake_force_configure=False, ament_cmake_args=None, catkin_cmake_args=None, catkin_skip_building_tests=False, mixin_files=None, mixin=None, verb_parser=<colcon_mixin.mixin.mixin_argument.MixinArgumentDecorator object at 0x79db2f100190>, verb_extension=<colcon_core.verb.build.BuildVerb object at 0x79db2f2cf970>, main=<bound method BuildVerb.main of <colcon_core.verb.build.BuildVerb object at 0x79db2f2cf970>>, mixin_verb=('build',))
[4.126s] Level 1:colcon.colcon_core.package_discovery:discover_packages(colcon_meta) check parameters
[4.126s] Level 1:colcon.colcon_core.package_discovery:discover_packages(recursive) check parameters
[4.126s] Level 1:colcon.colcon_core.package_discovery:discover_packages(ignore) check parameters
[4.126s] Level 1:colcon.colcon_core.package_discovery:discover_packages(path) check parameters
[4.126s] Level 1:colcon.colcon_core.package_discovery:discover_packages(colcon_meta) discover
[4.126s] Level 1:colcon.colcon_core.package_discovery:discover_packages(recursive) discover
[4.126s] INFO:colcon.colcon_core.package_discovery:Crawling recursively for packages in '/home/lab-robotica/git_conrado/hacka_emanuelconrado'
[4.126s] Level 1:colcon.colcon_core.package_identification:_identify(.) by extensions ['ignore', 'ignore_ament_install']
[4.126s] Level 1:colcon.colcon_core.package_identification:_identify(.) by extension 'ignore'
[4.126s] Level 1:colcon.colcon_core.package_identification:_identify(.) by extension 'ignore_ament_install'
[4.127s] Level 1:colcon.colcon_core.package_identification:_identify(.) by extensions ['colcon_pkg']
[4.127s] Level 1:colcon.colcon_core.package_identification:_identify(.) by extension 'colcon_pkg'
[4.127s] Level 1:colcon.colcon_core.package_identification:_identify(.) by extensions ['colcon_meta']
[4.127s] Level 1:colcon.colcon_core.package_identification:_identify(.) by extension 'colcon_meta'
[4.127s] Level 1:colcon.colcon_core.package_identification:_identify(.) by extensions ['ros']
[4.127s] Level 1:colcon.colcon_core.package_identification:_identify(.) by extension 'ros'
[4.173s] Level 1:colcon.colcon_core.package_identification:_identify(.) by extensions ['cmake', 'python']
[4.173s] Level 1:colcon.colcon_core.package_identification:_identify(.) by extension 'cmake'
[4.174s] Level 1:colcon.colcon_core.package_identification:_identify(.) by extension 'python'
[4.174s] Level 1:colcon.colcon_core.package_identification:_identify(.) by extensions ['python_setup_py']
[4.174s] Level 1:colcon.colcon_core.package_identification:_identify(.) by extension 'python_setup_py'
[4.174s] Level 1:colcon.colcon_core.package_identification:_identify(build) by extensions ['ignore', 'ignore_ament_install']
[4.174s] Level 1:colcon.colcon_core.package_identification:_identify(build) by extension 'ignore'
[4.174s] Level 1:colcon.colcon_core.package_identification:_identify(build) ignored
[4.174s] Level 1:colcon.colcon_core.package_identification:_identify(install) by extensions ['ignore', 'ignore_ament_install']
[4.174s] Level 1:colcon.colcon_core.package_identification:_identify(install) by extension 'ignore'
[4.174s] Level 1:colcon.colcon_core.package_identification:_identify(install) ignored
[4.174s] Level 1:colcon.colcon_core.package_identification:_identify(log) by extensions ['ignore', 'ignore_ament_install']
[4.174s] Level 1:colcon.colcon_core.package_identification:_identify(log) by extension 'ignore'
[4.174s] Level 1:colcon.colcon_core.package_identification:_identify(log) ignored
[4.174s] Level 1:colcon.colcon_core.package_identification:_identify(src) by extensions ['ignore', 'ignore_ament_install']
[4.174s] Level 1:colcon.colcon_core.package_identification:_identify(src) by extension 'ignore'
[4.175s] Level 1:colcon.colcon_core.package_identification:_identify(src) by extension 'ignore_ament_install'
[4.175s] Level 1:colcon.colcon_core.package_identification:_identify(src) by extensions ['colcon_pkg']
[4.175s] Level 1:colcon.colcon_core.package_identification:_identify(src) by extension 'colcon_pkg'
[4.175s] Level 1:colcon.colcon_core.package_identification:_identify(src) by extensions ['colcon_meta']
[4.175s] Level 1:colcon.colcon_core.package_identification:_identify(src) by extension 'colcon_meta'
[4.175s] Level 1:colcon.colcon_core.package_identification:_identify(src) by extensions ['ros']
[4.175s] Level 1:colcon.colcon_core.package_identification:_identify(src) by extension 'ros'
[4.175s] Level 1:colcon.colcon_core.package_identification:_identify(src) by extensions ['cmake', 'python']
[4.175s] Level 1:colcon.colcon_core.package_identification:_identify(src) by extension 'cmake'
[4.175s] Level 1:colcon.colcon_core.package_identification:_identify(src) by extension 'python'
[4.175s] Level 1:colcon.colcon_core.package_identification:_identify(src) by extensions ['python_setup_py']
[4.175s] Level 1:colcon.colcon_core.package_identification:_identify(src) by extension 'python_setup_py'
[4.175s] Level 1:colcon.colcon_core.package_identification:_identify(src/hacka_emanuelconrado) by extensions ['ignore', 'ignore_ament_install']
[4.175s] Level 1:colcon.colcon_core.package_identification:_identify(src/hacka_emanuelconrado) by extension 'ignore'
[4.175s] Level 1:colcon.colcon_core.package_identification:_identify(src/hacka_emanuelconrado) by extension 'ignore_ament_install'
[4.175s] Level 1:colcon.colcon_core.package_identification:_identify(src/hacka_emanuelconrado) by extensions ['colcon_pkg']
[4.175s] Level 1:colcon.colcon_core.package_identification:_identify(src/hacka_emanuelconrado) by extension 'colcon_pkg'
[4.175s] Level 1:colcon.colcon_core.package_identification:_identify(src/hacka_emanuelconrado) by extensions ['colcon_meta']
[4.175s] Level 1:colcon.colcon_core.package_identification:_identify(src/hacka_emanuelconrado) by extension 'colcon_meta'
[4.176s] Level 1:colcon.colcon_core.package_identification:_identify(src/hacka_emanuelconrado) by extensions ['ros']
[4.176s] Level 1:colcon.colcon_core.package_identification:_identify(src/hacka_emanuelconrado) by extension 'ros'
[4.193s] DEBUG:colcon.colcon_core.package_identification:Package 'src/hacka_emanuelconrado' with type 'ros.ament_cmake' and name 'hacka_emanuelconrado'
[4.193s] Level 1:colcon.colcon_core.package_discovery:discover_packages(recursive) using defaults
[4.193s] Level 1:colcon.colcon_core.package_discovery:discover_packages(ignore) discover
[4.193s] Level 1:colcon.colcon_core.package_discovery:discover_packages(ignore) using defaults
[4.193s] Level 1:colcon.colcon_core.package_discovery:discover_packages(path) discover
[4.193s] Level 1:colcon.colcon_core.package_discovery:discover_packages(path) using defaults
[4.395s] Level 1:colcon.colcon_core.package_discovery:discover_packages(prefix_path) check parameters
[4.395s] Level 1:colcon.colcon_core.package_discovery:discover_packages(prefix_path) discover
[4.414s] DEBUG:colcon.colcon_installed_package_information.package_discovery:Found 7 installed packages in /home/lab-robotica/laser_uav_system_ws/install
[4.441s] DEBUG:colcon.colcon_installed_package_information.package_discovery:Found 0 installed packages in /home/lab-robotica/workspace/install
[4.443s] DEBUG:colcon.colcon_installed_package_information.package_discovery:Found 335 installed packages in /opt/ros/humble
[4.445s] Level 1:colcon.colcon_core.package_discovery:discover_packages(prefix_path) using defaults
[4.688s] Level 5:colcon.colcon_core.verb:set package 'hacka_emanuelconrado' build argument 'cmake_args' from command line to 'None'
[4.688s] Level 5:colcon.colcon_core.verb:set package 'hacka_emanuelconrado' build argument 'cmake_target' from command line to 'None'
[4.688s] Level 5:colcon.colcon_core.verb:set package 'hacka_emanuelconrado' build argument 'cmake_target_skip_unavailable' from command line to 'False'
[4.688s] Level 5:colcon.colcon_core.verb:set package 'hacka_emanuelconrado' build argument 'cmake_clean_cache' from command line to 'False'
[4.688s] Level 5:colcon.colcon_core.verb:set package 'hacka_emanuelconrado' build argument 'cmake_clean_first' from command line to 'False'
[4.688s] Level 5:colcon.colcon_core.verb:set package 'hacka_emanuelconrado' build argument 'cmake_force_configure' from command line to 'False'
[4.688s] Level 5:colcon.colcon_core.verb:set package 'hacka_emanuelconrado' build argument 'ament_cmake_args' from command line to 'None'
[4.688s] Level 5:colcon.colcon_core.verb:set package 'hacka_emanuelconrado' build argument 'catkin_cmake_args' from command line to 'None'
[4.688s] Level 5:colcon.colcon_core.verb:set package 'hacka_emanuelconrado' build argument 'catkin_skip_building_tests' from command line to 'False'
[4.689s] DEBUG:colcon.colcon_core.verb:Building package 'hacka_emanuelconrado' with the following arguments: {'ament_cmake_args': None, 'build_base': '/home/lab-robotica/git_conrado/hacka_emanuelconrado/build/hacka_emanuelconrado', 'catkin_cmake_args': None, 'catkin_skip_building_tests': False, 'cmake_args': None, 'cmake_clean_cache': False, 'cmake_clean_first': False, 'cmake_force_configure': False, 'cmake_target': None, 'cmake_target_skip_unavailable': False, 'install_base': '/home/lab-robotica/git_conrado/hacka_emanuelconrado/install/hacka_emanuelconrado', 'merge_install': False, 'path': '/home/lab-robotica/git_conrado/hacka_emanuelconrado/src/hacka_emanuelconrado', 'symlink_install': False, 'test_result_base': None}
[4.689s] INFO:colcon.colcon_core.executor:Executing jobs using 'parallel' executor
[4.690s] DEBUG:colcon.colcon_parallel_executor.executor.parallel:run_until_complete
[4.690s] INFO:colcon.colcon_ros.task.ament_cmake.build:Building ROS package in '/home/lab-robotica/git_conrado/hacka_emanuelconrado/src/hacka_emanuelconrado' with build type 'ament_cmake'
[4.690s] INFO:colcon.colcon_cmake.task.cmake.build:Building CMake package in '/home/lab-robotica/git_conrado/hacka_emanuelconrado/src/hacka_emanuelconrado'
[4.748s] INFO:colcon.colcon_core.plugin_system:Skipping extension 'colcon_core.shell.bat': Not used on non-Windows systems
[4.748s] INFO:colcon.colcon_core.shell:Skip shell extension 'powershell' for command environment: Not usable outside of PowerShell
[4.748s] DEBUG:colcon.colcon_core.shell:Skip shell extension 'dsv' for command environment
[4.788s] DEBUG:colcon.colcon_core.event_handler.log_command:Invoking command in '/home/lab-robotica/git_conrado/hacka_emanuelconrado/build/hacka_emanuelconrado': CMAKE_PREFIX_PATH=/opt/ros/humble:${CMAKE_PREFIX_PATH} /usr/bin/cmake /home/lab-robotica/git_conrado/hacka_emanuelconrado/src/hacka_emanuelconrado -DCMAKE_INSTALL_PREFIX=/home/lab-robotica/git_conrado/hacka_emanuelconrado/install/hacka_emanuelconrado
[9.654s] DEBUG:colcon.colcon_core.event_handler.log_command:Invoked command in '/home/lab-robotica/git_conrado/hacka_emanuelconrado/build/hacka_emanuelconrado' returned '0': CMAKE_PREFIX_PATH=/opt/ros/humble:${CMAKE_PREFIX_PATH} /usr/bin/cmake /home/lab-robotica/git_conrado/hacka_emanuelconrado/src/hacka_emanuelconrado -DCMAKE_INSTALL_PREFIX=/home/lab-robotica/git_conrado/hacka_emanuelconrado/install/hacka_emanuelconrado
[9.657s] DEBUG:colcon.colcon_core.event_handler.log_command:Invoking command in '/home/lab-robotica/git_conrado/hacka_emanuelconrado/build/hacka_emanuelconrado': CMAKE_PREFIX_PATH=/opt/ros/humble:${CMAKE_PREFIX_PATH} /usr/bin/cmake --build /home/lab-robotica/git_conrado/hacka_emanuelconrado/build/hacka_emanuelconrado -- -j4 -l4
[17.130s] DEBUG:colcon.colcon_core.event_handler.log_command:Invoked command in '/home/lab-robotica/git_conrado/hacka_emanuelconrado/build/hacka_emanuelconrado' returned '2': CMAKE_PREFIX_PATH=/opt/ros/humble:${CMAKE_PREFIX_PATH} /usr/bin/cmake --build /home/lab-robotica/git_conrado/hacka_emanuelconrado/build/hacka_emanuelconrado -- -j4 -l4
[17.131s] Level 1:colcon.colcon_core.environment:create_environment_scripts_only(hacka_emanuelconrado)
[17.201s] Level 1:colcon.colcon_core.environment:checking '/home/lab-robotica/git_conrado/hacka_emanuelconrado/install/hacka_emanuelconrado' for CMake module files
[17.201s] Level 1:colcon.colcon_core.environment:checking '/home/lab-robotica/git_conrado/hacka_emanuelconrado/install/hacka_emanuelconrado' for CMake config files
[17.201s] Level 1:colcon.colcon_core.environment:checking '/home/lab-robotica/git_conrado/hacka_emanuelconrado/install/hacka_emanuelconrado/bin'
[17.201s] Level 1:colcon.colcon_core.environment:checking '/home/lab-robotica/git_conrado/hacka_emanuelconrado/install/hacka_emanuelconrado/lib/pkgconfig/hacka_emanuelconrado.pc'
[17.202s] Level 1:colcon.colcon_core.environment:checking '/home/lab-robotica/git_conrado/hacka_emanuelconrado/install/hacka_emanuelconrado/lib/python3.10/site-packages'
[17.202s] Level 1:colcon.colcon_core.environment:checking '/home/lab-robotica/git_conrado/hacka_emanuelconrado/install/hacka_emanuelconrado/bin'
[17.202s] INFO:colcon.colcon_core.shell:Creating package script '/home/lab-robotica/git_conrado/hacka_emanuelconrado/install/hacka_emanuelconrado/share/hacka_emanuelconrado/package.ps1'
[17.224s] INFO:colcon.colcon_core.shell:Creating package descriptor '/home/lab-robotica/git_conrado/hacka_emanuelconrado/install/hacka_emanuelconrado/share/hacka_emanuelconrado/package.dsv'
[17.229s] INFO:colcon.colcon_core.shell:Creating package script '/home/lab-robotica/git_conrado/hacka_emanuelconrado/install/hacka_emanuelconrado/share/hacka_emanuelconrado/package.sh'
[17.231s] INFO:colcon.colcon_core.shell:Creating package script '/home/lab-robotica/git_conrado/hacka_emanuelconrado/install/hacka_emanuelconrado/share/hacka_emanuelconrado/package.bash'
[17.265s] INFO:colcon.colcon_core.shell:Creating package script '/home/lab-robotica/git_conrado/hacka_emanuelconrado/install/hacka_emanuelconrado/share/hacka_emanuelconrado/package.zsh'
[17.275s] Level 1:colcon.colcon_core.environment:create_file_with_runtime_dependencies(/home/lab-robotica/git_conrado/hacka_emanuelconrado/install/hacka_emanuelconrado/share/colcon-core/packages/hacka_emanuelconrado)
[17.286s] DEBUG:colcon.colcon_parallel_executor.executor.parallel:closing loop
[17.286s] DEBUG:colcon.colcon_parallel_executor.executor.parallel:loop closed
[17.286s] DEBUG:colcon.colcon_parallel_executor.executor.parallel:run_until_complete finished with '2'
[17.286s] DEBUG:colcon.colcon_core.event_reactor:joining thread
[17.313s] INFO:colcon.colcon_core.plugin_system:Skipping extension 'colcon_notification.desktop_notification.terminal_notifier': Not used on non-Darwin systems
[17.313s] INFO:colcon.colcon_core.plugin_system:Skipping extension 'colcon_notification.desktop_notification.win32': Not used on non-Windows systems
[17.313s] INFO:colcon.colcon_notification.desktop_notification:Sending desktop notification using 'notify2'
[17.483s] DEBUG:colcon.colcon_core.event_reactor:joined thread
[17.484s] INFO:colcon.colcon_core.shell:Creating prefix script '/home/lab-robotica/git_conrado/hacka_emanuelconrado/install/local_setup.ps1'
[17.485s] INFO:colcon.colcon_core.shell:Creating prefix util module '/home/lab-robotica/git_conrado/hacka_emanuelconrado/install/_local_setup_util_ps1.py'
[17.486s] INFO:colcon.colcon_core.shell:Creating prefix chain script '/home/lab-robotica/git_conrado/hacka_emanuelconrado/install/setup.ps1'
[17.488s] INFO:colcon.colcon_core.shell:Creating prefix script '/home/lab-robotica/git_conrado/hacka_emanuelconrado/install/local_setup.sh'
[17.489s] INFO:colcon.colcon_core.shell:Creating prefix util module '/home/lab-robotica/git_conrado/hacka_emanuelconrado/install/_local_setup_util_sh.py'
[17.489s] INFO:colcon.colcon_core.shell:Creating prefix chain script '/home/lab-robotica/git_conrado/hacka_emanuelconrado/install/setup.sh'
[17.491s] INFO:colcon.colcon_core.shell:Creating prefix script '/home/lab-robotica/git_conrado/hacka_emanuelconrado/install/local_setup.bash'
[17.491s] INFO:colcon.colcon_core.shell:Creating prefix chain script '/home/lab-robotica/git_conrado/hacka_emanuelconrado/install/setup.bash'
[17.493s] INFO:colcon.colcon_core.shell:Creating prefix script '/home/lab-robotica/git_conrado/hacka_emanuelconrado/install/local_setup.zsh'
[17.493s] INFO:colcon.colcon_core.shell:Creating prefix chain script '/home/lab-robotica/git_conrado/hacka_emanuelconrado/install/setup.zsh'
