[0.156s] DEBUG:colcon:Command line arguments: ['/usr/bin/colcon', 'build']
[0.156s] DEBUG:colcon:Parsed command line arguments: Namespace(log_base=None, log_level=None, verb_name='build', build_base='build', install_base='install', merge_install=False, symlink_install=False, test_result_base=None, continue_on_error=False, executor='parallel', parallel_workers=4, event_handlers=None, ignore_user_meta=False, metas=['./colcon.meta'], base_paths=['.'], packages_ignore=None, packages_ignore_regex=None, paths=None, packages_up_to=None, packages_up_to_regex=None, packages_above=None, packages_above_and_dependencies=None, packages_above_depth=None, packages_select_by_dep=None, packages_skip_by_dep=None, packages_skip_up_to=None, packages_select_build_failed=False, packages_skip_build_finished=False, packages_select_test_failures=False, packages_skip_test_passed=False, packages_select=None, packages_skip=None, packages_select_regex=None, packages_skip_regex=None, packages_start=None, packages_end=None, allow_overriding=[], cmake_args=None, cmake_target=None, cmake_target_skip_unavailable=False, cmake_clean_cache=False, cmake_clean_first=False, cmake_force_configure=False, ament_cmake_args=None, catkin_cmake_args=None, catkin_skip_building_tests=False, mixin_files=None, mixin=None, verb_parser=<colcon_mixin.mixin.mixin_argument.MixinArgumentDecorator object at 0x7317456781f0>, verb_extension=<colcon_core.verb.build.BuildVerb object at 0x7317458479d0>, main=<bound method BuildVerb.main of <colcon_core.verb.build.BuildVerb object at 0x7317458479d0>>, mixin_verb=('build',))
[0.362s] Level 1:colcon.colcon_core.package_discovery:discover_packages(colcon_meta) check parameters
[0.362s] Level 1:colcon.colcon_core.package_discovery:discover_packages(recursive) check parameters
[0.362s] Level 1:colcon.colcon_core.package_discovery:discover_packages(ignore) check parameters
[0.362s] Level 1:colcon.colcon_core.package_discovery:discover_packages(path) check parameters
[0.362s] Level 1:colcon.colcon_core.package_discovery:discover_packages(colcon_meta) discover
[0.363s] Level 1:colcon.colcon_core.package_discovery:discover_packages(recursive) discover
[0.363s] INFO:colcon.colcon_core.package_discovery:Crawling recursively for packages in '/home/lab-robotica/git_conrado/hacka_emanuelconrado'
[0.363s] Level 1:colcon.colcon_core.package_identification:_identify(.) by extensions ['ignore', 'ignore_ament_install']
[0.363s] Level 1:colcon.colcon_core.package_identification:_identify(.) by extension 'ignore'
[0.363s] Level 1:colcon.colcon_core.package_identification:_identify(.) by extension 'ignore_ament_install'
[0.363s] Level 1:colcon.colcon_core.package_identification:_identify(.) by extensions ['colcon_pkg']
[0.363s] Level 1:colcon.colcon_core.package_identification:_identify(.) by extension 'colcon_pkg'
[0.363s] Level 1:colcon.colcon_core.package_identification:_identify(.) by extensions ['colcon_meta']
[0.363s] Level 1:colcon.colcon_core.package_identification:_identify(.) by extension 'colcon_meta'
[0.363s] Level 1:colcon.colcon_core.package_identification:_identify(.) by extensions ['ros']
[0.363s] Level 1:colcon.colcon_core.package_identification:_identify(.) by extension 'ros'
[0.374s] Level 1:colcon.colcon_core.package_identification:_identify(.) by extensions ['cmake', 'python']
[0.374s] Level 1:colcon.colcon_core.package_identification:_identify(.) by extension 'cmake'
[0.374s] Level 1:colcon.colcon_core.package_identification:_identify(.) by extension 'python'
[0.375s] Level 1:colcon.colcon_core.package_identification:_identify(.) by extensions ['python_setup_py']
[0.375s] Level 1:colcon.colcon_core.package_identification:_identify(.) by extension 'python_setup_py'
[0.375s] Level 1:colcon.colcon_core.package_identification:_identify(build) by extensions ['ignore', 'ignore_ament_install']
[0.375s] Level 1:colcon.colcon_core.package_identification:_identify(build) by extension 'ignore'
[0.375s] Level 1:colcon.colcon_core.package_identification:_identify(build) ignored
[0.375s] Level 1:colcon.colcon_core.package_identification:_identify(install) by extensions ['ignore', 'ignore_ament_install']
[0.375s] Level 1:colcon.colcon_core.package_identification:_identify(install) by extension 'ignore'
[0.375s] Level 1:colcon.colcon_core.package_identification:_identify(install) ignored
[0.375s] Level 1:colcon.colcon_core.package_identification:_identify(log) by extensions ['ignore', 'ignore_ament_install']
[0.375s] Level 1:colcon.colcon_core.package_identification:_identify(log) by extension 'ignore'
[0.375s] Level 1:colcon.colcon_core.package_identification:_identify(log) ignored
[0.375s] Level 1:colcon.colcon_core.package_identification:_identify(src) by extensions ['ignore', 'ignore_ament_install']
[0.375s] Level 1:colcon.colcon_core.package_identification:_identify(src) by extension 'ignore'
[0.376s] Level 1:colcon.colcon_core.package_identification:_identify(src) by extension 'ignore_ament_install'
[0.376s] Level 1:colcon.colcon_core.package_identification:_identify(src) by extensions ['colcon_pkg']
[0.376s] Level 1:colcon.colcon_core.package_identification:_identify(src) by extension 'colcon_pkg'
[0.376s] Level 1:colcon.colcon_core.package_identification:_identify(src) by extensions ['colcon_meta']
[0.376s] Level 1:colcon.colcon_core.package_identification:_identify(src) by extension 'colcon_meta'
[0.376s] Level 1:colcon.colcon_core.package_identification:_identify(src) by extensions ['ros']
[0.376s] Level 1:colcon.colcon_core.package_identification:_identify(src) by extension 'ros'
[0.376s] Level 1:colcon.colcon_core.package_identification:_identify(src) by extensions ['cmake', 'python']
[0.376s] Level 1:colcon.colcon_core.package_identification:_identify(src) by extension 'cmake'
[0.376s] Level 1:colcon.colcon_core.package_identification:_identify(src) by extension 'python'
[0.376s] Level 1:colcon.colcon_core.package_identification:_identify(src) by extensions ['python_setup_py']
[0.376s] Level 1:colcon.colcon_core.package_identification:_identify(src) by extension 'python_setup_py'
[0.376s] Level 1:colcon.colcon_core.package_identification:_identify(src/hacka_emanuelconrado) by extensions ['ignore', 'ignore_ament_install']
[0.376s] Level 1:colcon.colcon_core.package_identification:_identify(src/hacka_emanuelconrado) by extension 'ignore'
[0.376s] Level 1:colcon.colcon_core.package_identification:_identify(src/hacka_emanuelconrado) by extension 'ignore_ament_install'
[0.376s] Level 1:colcon.colcon_core.package_identification:_identify(src/hacka_emanuelconrado) by extensions ['colcon_pkg']
[0.376s] Level 1:colcon.colcon_core.package_identification:_identify(src/hacka_emanuelconrado) by extension 'colcon_pkg'
[0.376s] Level 1:colcon.colcon_core.package_identification:_identify(src/hacka_emanuelconrado) by extensions ['colcon_meta']
[0.376s] Level 1:colcon.colcon_core.package_identification:_identify(src/hacka_emanuelconrado) by extension 'colcon_meta'
[0.376s] Level 1:colcon.colcon_core.package_identification:_identify(src/hacka_emanuelconrado) by extensions ['ros']
[0.376s] Level 1:colcon.colcon_core.package_identification:_identify(src/hacka_emanuelconrado) by extension 'ros'
[0.379s] DEBUG:colcon.colcon_core.package_identification:Package 'src/hacka_emanuelconrado' with type 'ros.ament_cmake' and name 'hacka_emanuelconrado'
[0.379s] Level 1:colcon.colcon_core.package_discovery:discover_packages(recursive) using defaults
[0.379s] Level 1:colcon.colcon_core.package_discovery:discover_packages(ignore) discover
[0.379s] Level 1:colcon.colcon_core.package_discovery:discover_packages(ignore) using defaults
[0.379s] Level 1:colcon.colcon_core.package_discovery:discover_packages(path) discover
[0.379s] Level 1:colcon.colcon_core.package_discovery:discover_packages(path) using defaults
[0.398s] Level 1:colcon.colcon_core.package_discovery:discover_packages(prefix_path) check parameters
[0.398s] Level 1:colcon.colcon_core.package_discovery:discover_packages(prefix_path) discover
[0.401s] DEBUG:colcon.colcon_installed_package_information.package_discovery:Found 7 installed packages in /home/lab-robotica/laser_uav_system_ws/install
[0.401s] DEBUG:colcon.colcon_installed_package_information.package_discovery:Found 0 installed packages in /home/lab-robotica/workspace/install
[0.403s] DEBUG:colcon.colcon_installed_package_information.package_discovery:Found 335 installed packages in /opt/ros/humble
[0.404s] Level 1:colcon.colcon_core.package_discovery:discover_packages(prefix_path) using defaults
[0.447s] Level 5:colcon.colcon_core.verb:set package 'hacka_emanuelconrado' build argument 'cmake_args' from command line to 'None'
[0.447s] Level 5:colcon.colcon_core.verb:set package 'hacka_emanuelconrado' build argument 'cmake_target' from command line to 'None'
[0.447s] Level 5:colcon.colcon_core.verb:set package 'hacka_emanuelconrado' build argument 'cmake_target_skip_unavailable' from command line to 'False'
[0.447s] Level 5:colcon.colcon_core.verb:set package 'hacka_emanuelconrado' build argument 'cmake_clean_cache' from command line to 'False'
[0.447s] Level 5:colcon.colcon_core.verb:set package 'hacka_emanuelconrado' build argument 'cmake_clean_first' from command line to 'False'
[0.447s] Level 5:colcon.colcon_core.verb:set package 'hacka_emanuelconrado' build argument 'cmake_force_configure' from command line to 'False'
[0.448s] Level 5:colcon.colcon_core.verb:set package 'hacka_emanuelconrado' build argument 'ament_cmake_args' from command line to 'None'
[0.448s] Level 5:colcon.colcon_core.verb:set package 'hacka_emanuelconrado' build argument 'catkin_cmake_args' from command line to 'None'
[0.448s] Level 5:colcon.colcon_core.verb:set package 'hacka_emanuelconrado' build argument 'catkin_skip_building_tests' from command line to 'False'
[0.448s] DEBUG:colcon.colcon_core.verb:Building package 'hacka_emanuelconrado' with the following arguments: {'ament_cmake_args': None, 'build_base': '/home/lab-robotica/git_conrado/hacka_emanuelconrado/build/hacka_emanuelconrado', 'catkin_cmake_args': None, 'catkin_skip_building_tests': False, 'cmake_args': None, 'cmake_clean_cache': False, 'cmake_clean_first': False, 'cmake_force_configure': False, 'cmake_target': None, 'cmake_target_skip_unavailable': False, 'install_base': '/home/lab-robotica/git_conrado/hacka_emanuelconrado/install/hacka_emanuelconrado', 'merge_install': False, 'path': '/home/lab-robotica/git_conrado/hacka_emanuelconrado/src/hacka_emanuelconrado', 'symlink_install': False, 'test_result_base': None}
[0.448s] INFO:colcon.colcon_core.executor:Executing jobs using 'parallel' executor
[0.449s] DEBUG:colcon.colcon_parallel_executor.executor.parallel:run_until_complete
[0.449s] INFO:colcon.colcon_ros.task.ament_cmake.build:Building ROS package in '/home/lab-robotica/git_conrado/hacka_emanuelconrado/src/hacka_emanuelconrado' with build type 'ament_cmake'
[0.449s] INFO:colcon.colcon_cmake.task.cmake.build:Building CMake package in '/home/lab-robotica/git_conrado/hacka_emanuelconrado/src/hacka_emanuelconrado'
[0.452s] INFO:colcon.colcon_core.plugin_system:Skipping extension 'colcon_core.shell.bat': Not used on non-Windows systems
[0.452s] INFO:colcon.colcon_core.shell:Skip shell extension 'powershell' for command environment: Not usable outside of PowerShell
[0.452s] DEBUG:colcon.colcon_core.shell:Skip shell extension 'dsv' for command environment
[0.463s] DEBUG:colcon.colcon_core.event_handler.log_command:Invoking command in '/home/lab-robotica/git_conrado/hacka_emanuelconrado/build/hacka_emanuelconrado': CMAKE_PREFIX_PATH=/opt/ros/humble:${CMAKE_PREFIX_PATH} /usr/bin/cmake --build /home/lab-robotica/git_conrado/hacka_emanuelconrado/build/hacka_emanuelconrado -- -j4 -l4
[15.740s] DEBUG:colcon.colcon_core.event_handler.log_command:Invoked command in '/home/lab-robotica/git_conrado/hacka_emanuelconrado/build/hacka_emanuelconrado' returned '0': CMAKE_PREFIX_PATH=/opt/ros/humble:${CMAKE_PREFIX_PATH} /usr/bin/cmake --build /home/lab-robotica/git_conrado/hacka_emanuelconrado/build/hacka_emanuelconrado -- -j4 -l4
[15.753s] DEBUG:colcon.colcon_core.event_handler.log_command:Invoking command in '/home/lab-robotica/git_conrado/hacka_emanuelconrado/build/hacka_emanuelconrado': CMAKE_PREFIX_PATH=/opt/ros/humble:${CMAKE_PREFIX_PATH} /usr/bin/cmake --install /home/lab-robotica/git_conrado/hacka_emanuelconrado/build/hacka_emanuelconrado
[15.779s] Level 1:colcon.colcon_core.environment:create_environment_scripts_only(hacka_emanuelconrado)
[15.780s] DEBUG:colcon.colcon_core.event_handler.log_command:Invoked command in '/home/lab-robotica/git_conrado/hacka_emanuelconrado/build/hacka_emanuelconrado' returned '0': CMAKE_PREFIX_PATH=/opt/ros/humble:${CMAKE_PREFIX_PATH} /usr/bin/cmake --install /home/lab-robotica/git_conrado/hacka_emanuelconrado/build/hacka_emanuelconrado
[15.783s] Level 1:colcon.colcon_core.environment:checking '/home/lab-robotica/git_conrado/hacka_emanuelconrado/install/hacka_emanuelconrado' for CMake module files
[15.783s] Level 1:colcon.colcon_core.environment:checking '/home/lab-robotica/git_conrado/hacka_emanuelconrado/install/hacka_emanuelconrado' for CMake config files
[15.783s] Level 1:colcon.colcon_core.shell:create_environment_hook('hacka_emanuelconrado', 'cmake_prefix_path')
[15.784s] INFO:colcon.colcon_core.shell:Creating environment hook '/home/lab-robotica/git_conrado/hacka_emanuelconrado/install/hacka_emanuelconrado/share/hacka_emanuelconrado/hook/cmake_prefix_path.ps1'
[15.808s] INFO:colcon.colcon_core.shell:Creating environment descriptor '/home/lab-robotica/git_conrado/hacka_emanuelconrado/install/hacka_emanuelconrado/share/hacka_emanuelconrado/hook/cmake_prefix_path.dsv'
[15.813s] INFO:colcon.colcon_core.shell:Creating environment hook '/home/lab-robotica/git_conrado/hacka_emanuelconrado/install/hacka_emanuelconrado/share/hacka_emanuelconrado/hook/cmake_prefix_path.sh'
[15.815s] Level 1:colcon.colcon_core.environment:checking '/home/lab-robotica/git_conrado/hacka_emanuelconrado/install/hacka_emanuelconrado/lib'
[15.815s] Level 1:colcon.colcon_core.shell:create_environment_hook('hacka_emanuelconrado', 'ld_library_path_lib')
[15.816s] INFO:colcon.colcon_core.shell:Creating environment hook '/home/lab-robotica/git_conrado/hacka_emanuelconrado/install/hacka_emanuelconrado/share/hacka_emanuelconrado/hook/ld_library_path_lib.ps1'
[15.816s] INFO:colcon.colcon_core.shell:Creating environment descriptor '/home/lab-robotica/git_conrado/hacka_emanuelconrado/install/hacka_emanuelconrado/share/hacka_emanuelconrado/hook/ld_library_path_lib.dsv'
[15.816s] INFO:colcon.colcon_core.shell:Creating environment hook '/home/lab-robotica/git_conrado/hacka_emanuelconrado/install/hacka_emanuelconrado/share/hacka_emanuelconrado/hook/ld_library_path_lib.sh'
[15.817s] Level 1:colcon.colcon_core.environment:checking '/home/lab-robotica/git_conrado/hacka_emanuelconrado/install/hacka_emanuelconrado/bin'
[15.817s] Level 1:colcon.colcon_core.environment:checking '/home/lab-robotica/git_conrado/hacka_emanuelconrado/install/hacka_emanuelconrado/lib/pkgconfig/hacka_emanuelconrado.pc'
[15.817s] Level 1:colcon.colcon_core.environment:checking '/home/lab-robotica/git_conrado/hacka_emanuelconrado/install/hacka_emanuelconrado/lib/python3.10/site-packages'
[15.818s] Level 1:colcon.colcon_core.environment:checking '/home/lab-robotica/git_conrado/hacka_emanuelconrado/install/hacka_emanuelconrado/bin'
[15.818s] INFO:colcon.colcon_core.shell:Creating package script '/home/lab-robotica/git_conrado/hacka_emanuelconrado/install/hacka_emanuelconrado/share/hacka_emanuelconrado/package.ps1'
[15.819s] INFO:colcon.colcon_core.shell:Creating package descriptor '/home/lab-robotica/git_conrado/hacka_emanuelconrado/install/hacka_emanuelconrado/share/hacka_emanuelconrado/package.dsv'
[15.820s] INFO:colcon.colcon_core.shell:Creating package script '/home/lab-robotica/git_conrado/hacka_emanuelconrado/install/hacka_emanuelconrado/share/hacka_emanuelconrado/package.sh'
[15.821s] INFO:colcon.colcon_core.shell:Creating package script '/home/lab-robotica/git_conrado/hacka_emanuelconrado/install/hacka_emanuelconrado/share/hacka_emanuelconrado/package.bash'
[15.821s] INFO:colcon.colcon_core.shell:Creating package script '/home/lab-robotica/git_conrado/hacka_emanuelconrado/install/hacka_emanuelconrado/share/hacka_emanuelconrado/package.zsh'
[15.822s] Level 1:colcon.colcon_core.environment:create_file_with_runtime_dependencies(/home/lab-robotica/git_conrado/hacka_emanuelconrado/install/hacka_emanuelconrado/share/colcon-core/packages/hacka_emanuelconrado)
[15.823s] Level 1:colcon.colcon_core.environment:create_environment_scripts_only(hacka_emanuelconrado)
[15.823s] Level 1:colcon.colcon_core.environment:checking '/home/lab-robotica/git_conrado/hacka_emanuelconrado/install/hacka_emanuelconrado' for CMake module files
[15.823s] Level 1:colcon.colcon_core.environment:checking '/home/lab-robotica/git_conrado/hacka_emanuelconrado/install/hacka_emanuelconrado' for CMake config files
[15.824s] Level 1:colcon.colcon_core.shell:create_environment_hook('hacka_emanuelconrado', 'cmake_prefix_path')
[15.824s] INFO:colcon.colcon_core.shell:Creating environment hook '/home/lab-robotica/git_conrado/hacka_emanuelconrado/install/hacka_emanuelconrado/share/hacka_emanuelconrado/hook/cmake_prefix_path.ps1'
[15.824s] INFO:colcon.colcon_core.shell:Creating environment descriptor '/home/lab-robotica/git_conrado/hacka_emanuelconrado/install/hacka_emanuelconrado/share/hacka_emanuelconrado/hook/cmake_prefix_path.dsv'
[15.825s] INFO:colcon.colcon_core.shell:Creating environment hook '/home/lab-robotica/git_conrado/hacka_emanuelconrado/install/hacka_emanuelconrado/share/hacka_emanuelconrado/hook/cmake_prefix_path.sh'
[15.825s] Level 1:colcon.colcon_core.environment:checking '/home/lab-robotica/git_conrado/hacka_emanuelconrado/install/hacka_emanuelconrado/lib'
[15.825s] Level 1:colcon.colcon_core.shell:create_environment_hook('hacka_emanuelconrado', 'ld_library_path_lib')
[15.826s] INFO:colcon.colcon_core.shell:Creating environment hook '/home/lab-robotica/git_conrado/hacka_emanuelconrado/install/hacka_emanuelconrado/share/hacka_emanuelconrado/hook/ld_library_path_lib.ps1'
[15.826s] INFO:colcon.colcon_core.shell:Creating environment descriptor '/home/lab-robotica/git_conrado/hacka_emanuelconrado/install/hacka_emanuelconrado/share/hacka_emanuelconrado/hook/ld_library_path_lib.dsv'
[15.826s] INFO:colcon.colcon_core.shell:Creating environment hook '/home/lab-robotica/git_conrado/hacka_emanuelconrado/install/hacka_emanuelconrado/share/hacka_emanuelconrado/hook/ld_library_path_lib.sh'
[15.827s] Level 1:colcon.colcon_core.environment:checking '/home/lab-robotica/git_conrado/hacka_emanuelconrado/install/hacka_emanuelconrado/bin'
[15.827s] Level 1:colcon.colcon_core.environment:checking '/home/lab-robotica/git_conrado/hacka_emanuelconrado/install/hacka_emanuelconrado/lib/pkgconfig/hacka_emanuelconrado.pc'
[15.827s] Level 1:colcon.colcon_core.environment:checking '/home/lab-robotica/git_conrado/hacka_emanuelconrado/install/hacka_emanuelconrado/lib/python3.10/site-packages'
[15.827s] Level 1:colcon.colcon_core.environment:checking '/home/lab-robotica/git_conrado/hacka_emanuelconrado/install/hacka_emanuelconrado/bin'
[15.828s] INFO:colcon.colcon_core.shell:Creating package script '/home/lab-robotica/git_conrado/hacka_emanuelconrado/install/hacka_emanuelconrado/share/hacka_emanuelconrado/package.ps1'
[15.828s] INFO:colcon.colcon_core.shell:Creating package descriptor '/home/lab-robotica/git_conrado/hacka_emanuelconrado/install/hacka_emanuelconrado/share/hacka_emanuelconrado/package.dsv'
[15.829s] INFO:colcon.colcon_core.shell:Creating package script '/home/lab-robotica/git_conrado/hacka_emanuelconrado/install/hacka_emanuelconrado/share/hacka_emanuelconrado/package.sh'
[15.829s] INFO:colcon.colcon_core.shell:Creating package script '/home/lab-robotica/git_conrado/hacka_emanuelconrado/install/hacka_emanuelconrado/share/hacka_emanuelconrado/package.bash'
[15.830s] INFO:colcon.colcon_core.shell:Creating package script '/home/lab-robotica/git_conrado/hacka_emanuelconrado/install/hacka_emanuelconrado/share/hacka_emanuelconrado/package.zsh'
[15.830s] Level 1:colcon.colcon_core.environment:create_file_with_runtime_dependencies(/home/lab-robotica/git_conrado/hacka_emanuelconrado/install/hacka_emanuelconrado/share/colcon-core/packages/hacka_emanuelconrado)
[15.830s] DEBUG:colcon.colcon_parallel_executor.executor.parallel:closing loop
[15.831s] DEBUG:colcon.colcon_parallel_executor.executor.parallel:loop closed
[15.831s] DEBUG:colcon.colcon_parallel_executor.executor.parallel:run_until_complete finished with '0'
[15.831s] DEBUG:colcon.colcon_core.event_reactor:joining thread
[15.837s] INFO:colcon.colcon_core.plugin_system:Skipping extension 'colcon_notification.desktop_notification.terminal_notifier': Not used on non-Darwin systems
[15.837s] INFO:colcon.colcon_core.plugin_system:Skipping extension 'colcon_notification.desktop_notification.win32': Not used on non-Windows systems
[15.837s] INFO:colcon.colcon_notification.desktop_notification:Sending desktop notification using 'notify2'
[15.881s] DEBUG:colcon.colcon_core.event_reactor:joined thread
[15.881s] INFO:colcon.colcon_core.shell:Creating prefix script '/home/lab-robotica/git_conrado/hacka_emanuelconrado/install/local_setup.ps1'
[15.882s] INFO:colcon.colcon_core.shell:Creating prefix util module '/home/lab-robotica/git_conrado/hacka_emanuelconrado/install/_local_setup_util_ps1.py'
[15.885s] INFO:colcon.colcon_core.shell:Creating prefix chain script '/home/lab-robotica/git_conrado/hacka_emanuelconrado/install/setup.ps1'
[15.887s] INFO:colcon.colcon_core.shell:Creating prefix script '/home/lab-robotica/git_conrado/hacka_emanuelconrado/install/local_setup.sh'
[15.888s] INFO:colcon.colcon_core.shell:Creating prefix util module '/home/lab-robotica/git_conrado/hacka_emanuelconrado/install/_local_setup_util_sh.py'
[15.888s] INFO:colcon.colcon_core.shell:Creating prefix chain script '/home/lab-robotica/git_conrado/hacka_emanuelconrado/install/setup.sh'
[15.890s] INFO:colcon.colcon_core.shell:Creating prefix script '/home/lab-robotica/git_conrado/hacka_emanuelconrado/install/local_setup.bash'
[15.890s] INFO:colcon.colcon_core.shell:Creating prefix chain script '/home/lab-robotica/git_conrado/hacka_emanuelconrado/install/setup.bash'
[15.892s] INFO:colcon.colcon_core.shell:Creating prefix script '/home/lab-robotica/git_conrado/hacka_emanuelconrado/install/local_setup.zsh'
[15.892s] INFO:colcon.colcon_core.shell:Creating prefix chain script '/home/lab-robotica/git_conrado/hacka_emanuelconrado/install/setup.zsh'
